app/mapping.txt
# compiler: R8
# compiler_version: 1.5.69
# min_api: 21
# pg_map_id: a7ae697
com.millsoft.aitts.Api -> c.c.a.a:
    14:14:java.lang.String getApiKey() -> a
    18:18:java.lang.String getApiUrl(java.lang.String) -> a
com.millsoft.aitts.HelpActivity -> com.millsoft.aitts.HelpActivity:
    11:11:void <init>() -> <init>
    23:32:void loadHelp() -> a
    15:19:void onCreate(android.os.Bundle) -> onCreate
com.millsoft.aitts.LanguageHelper -> c.c.a.b:
    java.util.Map localeMap -> a
    14:16:void <init>() -> <init>
    19:20:java.lang.String iso3CountryCodeToIso2CountryCode(java.lang.String) -> a
    29:35:void initCountryCodeMapping() -> a
    45:66:java.lang.String getVoiceForLanguage(java.lang.String,java.lang.String) -> a
com.millsoft.aitts.Settings -> c.c.a.c:
    android.content.Context ctx -> a
    15:16:void setContext(android.content.Context) -> a
    20:22:java.lang.String getSetting(java.lang.String) -> a
    28:31:void setSetting(java.lang.String,java.lang.String) -> a
com.millsoft.aitts.SettingsFragment -> c.c.a.d:
    android.speech.tts.TextToSpeech tts -> Y
    69:71:void <init>() -> <init>
    49:49:android.speech.tts.TextToSpeech access$000(com.millsoft.aitts.SettingsFragment) -> a
    104:109:android.view.View onCreateView(android.view.LayoutInflater,android.view.ViewGroup,android.os.Bundle) -> a
    142:155:void btnTest(android.view.View) -> btnTest
    93:98:void onCreate(android.os.Bundle) -> c
    115:122:void onClick(android.view.View) -> onClick
com.millsoft.aitts.SettingsFragment$1 -> c.c.a.d$a:
    com.millsoft.aitts.SettingsFragment this$0 -> a
    142:142:void <init>(com.millsoft.aitts.SettingsFragment) -> <init>
    145:151:void onInit(int) -> onInit
com.millsoft.aitts.SpeakQueue -> c.c.a.e:
    java.util.List _list -> a
    18:21:void <init>() -> <init>
    24:26:void addToQueue(com.millsoft.aitts.SpeakTask) -> a
    45:47:void clearQueue() -> a
    29:29:int getCount() -> b
    34:35:com.millsoft.aitts.SpeakTask getSentence() -> c
com.millsoft.aitts.SpeakTask -> c.c.a.f:
    android.speech.tts.SynthesisCallback callback -> b
    android.speech.tts.SynthesisRequest request -> a
    14:17:void <init>(android.speech.tts.SynthesisRequest,android.speech.tts.SynthesisCallback) -> <init>
    20:21:void setId(java.lang.Integer) -> a
com.millsoft.aitts.TtsCheckVoiceData -> com.millsoft.aitts.TtsCheckVoiceData:
    java.lang.String[] SUPPORTED_LANGUAGES -> b
    37:37:void <clinit>() -> <clinit>
    34:34:void <init>() -> <init>
    131:141:java.util.List getCheckVoiceDataFor(android.content.Intent) -> a
    74:121:void onCreate(android.os.Bundle) -> onCreate
com.millsoft.aitts.TtsGetSampleText -> com.millsoft.aitts.TtsGetSampleText:
    13:13:void <init>() -> <init>
    19:41:void onCreate(android.os.Bundle) -> onCreate
com.millsoft.aitts.TtsLanguage -> c.c.a.g:
    java.lang.Boolean isVoice -> f
    java.lang.String languageName -> c
    java.lang.String langCode -> b
    java.lang.String gender -> e
    java.lang.String voice -> d
    27:32:void <init>(java.lang.String,java.lang.String,java.lang.String,java.lang.String) -> <init>
    73:73:java.lang.String getGender() -> a
    45:45:java.lang.String getLangCode() -> b
    37:37:java.lang.String getLanguageName() -> c
    65:65:java.lang.String getVoice() -> d
    56:60:java.lang.String toString() -> toString
...
com.android.volley.ExecutorDelivery -> c.a.a.f:
    java.util.concurrent.Executor mResponsePoster -> a
    32:41:void <init>(android.os.Handler) -> <init>
    54:55:void postResponse(com.android.volley.Request,com.android.volley.Response) -> a
    59:62:void postResponse(com.android.volley.Request,com.android.volley.Response,java.lang.Runnable) -> a
    66:69:void postError(com.android.volley.Request,com.android.volley.VolleyError) -> a
com.android.volley.ExecutorDelivery$1 -> c.a.a.f$a:
    android.os.Handler val$handler -> a
    35:35:void <init>(com.android.volley.ExecutorDelivery,android.os.Handler) -> <init>
    38:39:void execute(java.lang.Runnable) -> execute
com.android.volley.ExecutorDelivery$ResponseDeliveryRunnable -> c.a.a.f$b:
    com.android.volley.Request mRequest -> b
    java.lang.Runnable mRunnable -> d
    com.android.volley.Response mResponse -> c
    78:82:void <init>(com.android.volley.Request,com.android.volley.Response,java.lang.Runnable) -> <init>
    95:119:void run() -> run
com.android.volley.Header -> c.a.a.g:
    java.lang.String mName -> a
    java.lang.String mValue -> b
    25:28:void <init>(java.lang.String,java.lang.String) -> <init>
    31:31:java.lang.String getName() -> a
    35:35:java.lang.String getValue() -> b
    40:41:boolean equals(java.lang.Object) -> equals
    50:52:int hashCode() -> hashCode
    57:57:java.lang.String toString() -> toString
com.android.volley.Network -> c.a.a.h:
    com.android.volley.NetworkResponse performRequest(com.android.volley.Request) -> a
com.android.volley.NetworkDispatcher -> c.a.a.i:
    com.android.volley.Cache mCache -> d
    com.android.volley.ResponseDelivery mDelivery -> e
    boolean mQuit -> f
    java.util.concurrent.BlockingQueue mQueue -> b
    com.android.volley.Network mNetwork -> c
    61:66:void <init>(java.util.concurrent.BlockingQueue,com.android.volley.Network,com.android.volley.Cache,com.android.volley.ResponseDelivery) -> <init>
    80:83:void addTrafficStatsTag(com.android.volley.Request) -> a
    110:112:void processRequest() -> a
    171:173:void parseAndDeliverNetworkError(com.android.volley.Request,com.android.volley.VolleyError) -> a
    73:75:void quit() -> b
    116:168:void processRequest(com.android.volley.Request) -> b
    87:97:void run() -> run
com.android.volley.NetworkError -> c.a.a.j:
    23:24:void <init>() -> <init>
    27:28:void <init>(java.lang.Throwable) -> <init>
com.android.volley.NetworkResponse -> c.a.a.k:
    java.util.Map headers -> b
    byte[] data -> a
    java.util.List allHeaders -> c
    boolean notModified -> d
    48:49:void <init>(int,byte[],java.util.Map,boolean,long) -> <init>
    66:67:void <init>(int,byte[],boolean,long,java.util.List) -> <init>
    111:117:void <init>(byte[],java.util.Map) -> <init>
    125:136:void <init>(int,byte[],java.util.Map,java.util.List,boolean,long) -> <init>
    165:176:java.util.Map toHeaderMap(java.util.List) -> a
    180:190:java.util.List toAllHeaderList(java.util.Map) -> a
com.android.volley.NoConnectionError -> c.a.a.l:
    27:28:void <init>(java.lang.Throwable) -> <init>
com.android.volley.ParseError -> c.a.a.m:
    29:30:void <init>(java.lang.Throwable) -> <init>